#! /c/Source/iverilog-install/bin/vvp
:ivl_version "12.0 (devel)" "(s20150603-1539-g2693dd32b)";
:ivl_delay_selection "TYPICAL";
:vpi_time_precision + 0;
:vpi_module "C:\iverilog\lib\ivl\system.vpi";
:vpi_module "C:\iverilog\lib\ivl\vhdl_sys.vpi";
:vpi_module "C:\iverilog\lib\ivl\vhdl_textio.vpi";
:vpi_module "C:\iverilog\lib\ivl\v2005_math.vpi";
:vpi_module "C:\iverilog\lib\ivl\va_math.vpi";
:vpi_module "C:\iverilog\lib\ivl\v2009.vpi";
S_0000027e0ff3be40 .scope package, "$unit" "$unit" 2 1;
 .timescale 0 0;
S_0000027e0ff3b5d0 .scope module, "stack_behaviour_tb" "stack_behaviour_tb" 3 3;
 .timescale 0 0;
v0000027e0ffef640_0 .var "clock", 0 0;
v0000027e0ffefe10_0 .var "cmd", 1 0;
v0000027e0fff0310_0 .var "ind", 2 0;
v0000027e0ffeff50_0 .var "input_data", 3 0;
v0000027e0fff03b0_0 .net "output_data", 3 0, L_0000027e0ff915c0;  1 drivers
v0000027e0fff0590_0 .var "reset_", 0 0;
S_0000027e0ff7e330 .scope begin, "$ivl_for_loop1" "$ivl_for_loop1" 3 30, 3 30 0, S_0000027e0ff3b5d0;
 .timescale 0 0;
v0000027e0ff3b760_0 .var/i "i", 31 0;
S_0000027e0ff7e4c0 .scope begin, "$ivl_for_loop2" "$ivl_for_loop2" 3 48, 3 48 0, S_0000027e0ff3b5d0;
 .timescale 0 0;
v0000027e0ff37400_0 .var/i "i", 31 0;
S_0000027e0ff84280 .scope begin, "$ivl_for_loop3" "$ivl_for_loop3" 3 55, 3 55 0, S_0000027e0ff3b5d0;
 .timescale 0 0;
v0000027e0ff84410_0 .var/i "i", 31 0;
S_0000027e0ff36c10 .scope begin, "$ivl_for_loop4" "$ivl_for_loop4" 3 73, 3 73 0, S_0000027e0ff3b5d0;
 .timescale 0 0;
v0000027e0ff844b0_0 .var/i "i", 31 0;
S_0000027e0ff36da0 .scope module, "stck" "stack_behaviour_easy" 3 10, 4 1 0, S_0000027e0ff3b5d0;
 .timescale 0 0;
    .port_info 0 /OUTPUT 4 "O_DATA";
    .port_info 1 /INPUT 1 "RESET";
    .port_info 2 /INPUT 1 "CLK";
    .port_info 3 /INPUT 2 "COMMAND";
    .port_info 4 /INPUT 3 "INDEX";
    .port_info 5 /INPUT 4 "I_DATA";
L_0000027e0ff915c0 .functor BUFZ 4, v0000027e0ffef500_0, C4<0000>, C4<0000>, C4<0000>;
v0000027e0ffef0a0_0 .net "CLK", 0 0, v0000027e0ffef640_0;  1 drivers
v0000027e0ffef140_0 .net "COMMAND", 1 0, v0000027e0ffefe10_0;  1 drivers
v0000027e0ffef1e0_0 .net "INDEX", 2 0, v0000027e0fff0310_0;  1 drivers
v0000027e0ffef280_0 .net "I_DATA", 3 0, v0000027e0ffeff50_0;  1 drivers
v0000027e0ffef320_0 .net "O_DATA", 3 0, L_0000027e0ff915c0;  alias, 1 drivers
v0000027e0ffef3c0_0 .net "RESET", 0 0, v0000027e0fff0590_0;  1 drivers
v0000027e0ffef460_0 .var "head", 2 0;
v0000027e0ffef500_0 .var "output_", 3 0;
v0000027e0ffef5a0_0 .var/2u "stack", 19 0;
E_0000027e0ff7b9e0 .event anyedge, v0000027e0ffef3c0_0;
E_0000027e0ff7b760 .event anyedge, v0000027e0ffef0a0_0;
S_0000027e0ff36f30 .scope begin, "$ivl_for_loop0" "$ivl_for_loop0" 4 39, 4 39 0, S_0000027e0ff36da0;
 .timescale 0 0;
v0000027e0ffef000_0 .var/i "i", 31 0;
    .scope S_0000027e0ff36da0;
T_0 ;
    %pushi/vec4 4, 0, 3;
    %store/vec4 v0000027e0ffef460_0, 0, 3;
    %end;
    .thread T_0;
    .scope S_0000027e0ff36da0;
T_1 ;
    %wait E_0000027e0ff7b760;
    %load/vec4 v0000027e0ffef0a0_0;
    %pad/u 32;
    %cmpi/e 1, 0, 32;
    %flag_get/vec4 4;
    %jmp/0 T_1.2, 4;
    %load/vec4 v0000027e0ffef3c0_0;
    %pad/u 32;
    %pushi/vec4 0, 0, 32;
    %cmp/e;
    %flag_get/vec4 4;
    %and;
T_1.2;
    %flag_set/vec4 8;
    %jmp/0xz  T_1.0, 8;
    %load/vec4 v0000027e0ffef140_0;
    %cmpi/e 1, 0, 2;
    %jmp/0xz  T_1.3, 4;
    %load/vec4 v0000027e0ffef460_0;
    %pad/u 32;
    %addi 1, 0, 32;
    %pushi/vec4 5, 0, 32;
    %mod;
    %pad/u 3;
    %store/vec4 v0000027e0ffef460_0, 0, 3;
    %load/vec4 v0000027e0ffef280_0;
    %cast2;
    %load/vec4 v0000027e0ffef460_0;
    %pad/u 5;
    %muli 4, 0, 5;
    %ix/vec4 4;
    %store/vec4 v0000027e0ffef5a0_0, 4, 4;
    %jmp T_1.4;
T_1.3 ;
    %load/vec4 v0000027e0ffef140_0;
    %cmpi/e 2, 0, 2;
    %jmp/0xz  T_1.5, 4;
    %load/vec4 v0000027e0ffef5a0_0;
    %load/vec4 v0000027e0ffef460_0;
    %pad/u 5;
    %muli 4, 0, 5;
    %part/u 4;
    %store/vec4 v0000027e0ffef500_0, 0, 4;
    %load/vec4 v0000027e0ffef460_0;
    %pad/u 32;
    %addi 4, 0, 32;
    %pushi/vec4 5, 0, 32;
    %mod;
    %pad/u 3;
    %store/vec4 v0000027e0ffef460_0, 0, 3;
    %jmp T_1.6;
T_1.5 ;
    %load/vec4 v0000027e0ffef140_0;
    %cmpi/e 3, 0, 2;
    %jmp/0xz  T_1.7, 4;
    %load/vec4 v0000027e0ffef5a0_0;
    %load/vec4 v0000027e0ffef460_0;
    %pad/u 32;
    %load/vec4 v0000027e0ffef1e0_0;
    %pad/u 32;
    %pushi/vec4 5, 0, 32;
    %mod;
    %sub;
    %addi 5, 0, 32;
    %pushi/vec4 5, 0, 32;
    %mod;
    %pad/u 34;
    %muli 4, 0, 34;
    %part/u 4;
    %store/vec4 v0000027e0ffef500_0, 0, 4;
T_1.7 ;
T_1.6 ;
T_1.4 ;
T_1.0 ;
    %jmp T_1;
    .thread T_1, $push;
    .scope S_0000027e0ff36da0;
T_2 ;
    %wait E_0000027e0ff7b9e0;
    %load/vec4 v0000027e0ffef3c0_0;
    %pad/u 32;
    %cmpi/e 1, 0, 32;
    %jmp/0xz  T_2.0, 4;
    %pushi/vec4 4, 0, 3;
    %store/vec4 v0000027e0ffef460_0, 0, 3;
    %fork t_1, S_0000027e0ff36f30;
    %jmp t_0;
    .scope S_0000027e0ff36f30;
t_1 ;
    %pushi/vec4 0, 0, 32;
    %store/vec4 v0000027e0ffef000_0, 0, 32;
T_2.2 ;
    %load/vec4 v0000027e0ffef000_0;
    %cmpi/s 5, 0, 32;
    %jmp/0xz T_2.3, 5;
    %pushi/vec4 0, 0, 4;
    %load/vec4 v0000027e0ffef000_0;
    %pad/s 34;
    %muli 4, 0, 34;
    %ix/vec4/s 4;
    %store/vec4 v0000027e0ffef5a0_0, 4, 4;
    ; show_stmt_assign_vector: Get l-value for compressed += operand
    %load/vec4 v0000027e0ffef000_0;
    %pushi/vec4 1, 0, 32;
    %add;
    %store/vec4 v0000027e0ffef000_0, 0, 32;
    %jmp T_2.2;
T_2.3 ;
    %end;
    .scope S_0000027e0ff36da0;
t_0 %join;
    %load/vec4 v0000027e0ffef5a0_0;
    %load/vec4 v0000027e0ffef460_0;
    %pad/u 5;
    %muli 4, 0, 5;
    %part/u 4;
    %store/vec4 v0000027e0ffef500_0, 0, 4;
T_2.0 ;
    %jmp T_2;
    .thread T_2, $push;
    .scope S_0000027e0ff3b5d0;
T_3 ;
    %pushi/vec4 0, 0, 1;
    %store/vec4 v0000027e0fff0590_0, 0, 1;
    %pushi/vec4 0, 0, 1;
    %store/vec4 v0000027e0ffef640_0, 0, 1;
    %end;
    .thread T_3, $init;
    .scope S_0000027e0ff3b5d0;
T_4 ;
    %vpi_call/w 3 19 "$monitor", "%t      cmd: %b, clock: %0d, index: %b reset: %b, in: %b, out: %b", $time, v0000027e0ffefe10_0, v0000027e0ffef640_0, v0000027e0fff0310_0, v0000027e0fff0590_0, v0000027e0ffeff50_0, v0000027e0fff03b0_0 {0 0 0};
    %vpi_call/w 3 20 "$display", "push while reset is on" {0 0 0};
    %delay 1, 0;
    %pushi/vec4 1, 0, 2;
    %store/vec4 v0000027e0ffefe10_0, 0, 2;
    %pushi/vec4 7, 0, 4;
    %store/vec4 v0000027e0ffeff50_0, 0, 4;
    %pushi/vec4 1, 0, 1;
    %store/vec4 v0000027e0fff0590_0, 0, 1;
    %delay 1, 0;
    %pushi/vec4 1, 0, 1;
    %store/vec4 v0000027e0ffef640_0, 0, 1;
    %delay 1, 0;
    %pushi/vec4 0, 0, 1;
    %store/vec4 v0000027e0ffef640_0, 0, 1;
    %pushi/vec4 10, 0, 4;
    %store/vec4 v0000027e0ffeff50_0, 0, 4;
    %pushi/vec4 0, 0, 1;
    %store/vec4 v0000027e0fff0590_0, 0, 1;
    %delay 1, 0;
    %pushi/vec4 1, 0, 1;
    %store/vec4 v0000027e0ffef640_0, 0, 1;
    %delay 1, 0;
    %pushi/vec4 0, 0, 1;
    %store/vec4 v0000027e0ffef640_0, 0, 1;
    %pushi/vec4 3, 0, 2;
    %store/vec4 v0000027e0ffefe10_0, 0, 2;
    %pushi/vec4 0, 0, 1;
    %store/vec4 v0000027e0fff0590_0, 0, 1;
    %fork t_3, S_0000027e0ff7e330;
    %jmp t_2;
    .scope S_0000027e0ff7e330;
t_3 ;
    %pushi/vec4 0, 0, 32;
    %store/vec4 v0000027e0ff3b760_0, 0, 32;
T_4.0 ;
    %load/vec4 v0000027e0ff3b760_0;
    %cmpi/s 5, 0, 32;
    %jmp/0xz T_4.1, 5;
    %delay 1, 0;
    %load/vec4 v0000027e0ff3b760_0;
    %pad/s 3;
    %store/vec4 v0000027e0fff0310_0, 0, 3;
    %delay 1, 0;
    %pushi/vec4 1, 0, 1;
    %store/vec4 v0000027e0ffef640_0, 0, 1;
    %delay 1, 0;
    %pushi/vec4 0, 0, 1;
    %store/vec4 v0000027e0ffef640_0, 0, 1;
    ; show_stmt_assign_vector: Get l-value for compressed += operand
    %load/vec4 v0000027e0ff3b760_0;
    %pushi/vec4 1, 0, 32;
    %add;
    %store/vec4 v0000027e0ff3b760_0, 0, 32;
    %jmp T_4.0;
T_4.1 ;
    %end;
    .scope S_0000027e0ff3b5d0;
t_2 %join;
    %delay 1, 0;
    %vpi_call/w 3 37 "$display", "push once and pop" {0 0 0};
    %delay 1, 0;
    %pushi/vec4 1, 0, 2;
    %store/vec4 v0000027e0ffefe10_0, 0, 2;
    %pushi/vec4 7, 0, 4;
    %store/vec4 v0000027e0ffeff50_0, 0, 4;
    %delay 1, 0;
    %pushi/vec4 1, 0, 1;
    %store/vec4 v0000027e0ffef640_0, 0, 1;
    %delay 1, 0;
    %pushi/vec4 0, 0, 1;
    %store/vec4 v0000027e0ffef640_0, 0, 1;
    %delay 1, 0;
    %pushi/vec4 2, 0, 2;
    %store/vec4 v0000027e0ffefe10_0, 0, 2;
    %delay 1, 0;
    %pushi/vec4 1, 0, 1;
    %store/vec4 v0000027e0ffef640_0, 0, 1;
    %delay 1, 0;
    %pushi/vec4 0, 0, 1;
    %store/vec4 v0000027e0ffef640_0, 0, 1;
    %fork t_5, S_0000027e0ff7e4c0;
    %jmp t_4;
    .scope S_0000027e0ff7e4c0;
t_5 ;
    %pushi/vec4 0, 0, 32;
    %store/vec4 v0000027e0ff37400_0, 0, 32;
T_4.2 ;
    %load/vec4 v0000027e0ff37400_0;
    %cmpi/s 6, 0, 32;
    %jmp/0xz T_4.3, 5;
    %delay 1, 0;
    %pushi/vec4 1, 0, 1;
    %store/vec4 v0000027e0ffef640_0, 0, 1;
    %delay 1, 0;
    %pushi/vec4 0, 0, 1;
    %store/vec4 v0000027e0ffef640_0, 0, 1;
    ; show_stmt_assign_vector: Get l-value for compressed += operand
    %load/vec4 v0000027e0ff37400_0;
    %pushi/vec4 1, 0, 32;
    %add;
    %store/vec4 v0000027e0ff37400_0, 0, 32;
    %jmp T_4.2;
T_4.3 ;
    %end;
    .scope S_0000027e0ff3b5d0;
t_4 %join;
    %delay 1, 0;
    %vpi_call/w 3 53 "$display", "push and get this and previous elements" {0 0 0};
    %fork t_7, S_0000027e0ff84280;
    %jmp t_6;
    .scope S_0000027e0ff84280;
t_7 ;
    %pushi/vec4 1, 0, 32;
    %store/vec4 v0000027e0ff84410_0, 0, 32;
T_4.4 ;
    %load/vec4 v0000027e0ff84410_0;
    %cmpi/s 6, 0, 32;
    %flag_or 5, 4;
    %jmp/0xz T_4.5, 5;
    %delay 1, 0;
    %pushi/vec4 1, 0, 2;
    %store/vec4 v0000027e0ffefe10_0, 0, 2;
    %load/vec4 v0000027e0ff84410_0;
    %pad/s 4;
    %store/vec4 v0000027e0ffeff50_0, 0, 4;
    %delay 1, 0;
    %pushi/vec4 1, 0, 1;
    %store/vec4 v0000027e0ffef640_0, 0, 1;
    %delay 1, 0;
    %pushi/vec4 0, 0, 1;
    %store/vec4 v0000027e0ffef640_0, 0, 1;
    %delay 1, 0;
    %pushi/vec4 3, 0, 2;
    %store/vec4 v0000027e0ffefe10_0, 0, 2;
    %pushi/vec4 1, 0, 3;
    %store/vec4 v0000027e0fff0310_0, 0, 3;
    %delay 1, 0;
    %pushi/vec4 1, 0, 1;
    %store/vec4 v0000027e0ffef640_0, 0, 1;
    %delay 1, 0;
    %pushi/vec4 0, 0, 1;
    %store/vec4 v0000027e0ffef640_0, 0, 1;
    %delay 1, 0;
    %pushi/vec4 3, 0, 2;
    %store/vec4 v0000027e0ffefe10_0, 0, 2;
    %pushi/vec4 0, 0, 3;
    %store/vec4 v0000027e0fff0310_0, 0, 3;
    %delay 1, 0;
    %pushi/vec4 1, 0, 1;
    %store/vec4 v0000027e0ffef640_0, 0, 1;
    %delay 1, 0;
    %pushi/vec4 0, 0, 1;
    %store/vec4 v0000027e0ffef640_0, 0, 1;
    ; show_stmt_assign_vector: Get l-value for compressed += operand
    %load/vec4 v0000027e0ff84410_0;
    %pushi/vec4 1, 0, 32;
    %add;
    %store/vec4 v0000027e0ff84410_0, 0, 32;
    %jmp T_4.4;
T_4.5 ;
    %end;
    .scope S_0000027e0ff3b5d0;
t_6 %join;
    %delay 1, 0;
    %vpi_call/w 3 71 "$display", "reset and get every element" {0 0 0};
    %pushi/vec4 1, 0, 1;
    %store/vec4 v0000027e0fff0590_0, 0, 1;
    %delay 1, 0;
    %pushi/vec4 0, 0, 1;
    %store/vec4 v0000027e0fff0590_0, 0, 1;
    %fork t_9, S_0000027e0ff36c10;
    %jmp t_8;
    .scope S_0000027e0ff36c10;
t_9 ;
    %pushi/vec4 0, 0, 32;
    %store/vec4 v0000027e0ff844b0_0, 0, 32;
T_4.6 ;
    %load/vec4 v0000027e0ff844b0_0;
    %cmpi/s 5, 0, 32;
    %jmp/0xz T_4.7, 5;
    %load/vec4 v0000027e0ff844b0_0;
    %pad/s 3;
    %store/vec4 v0000027e0fff0310_0, 0, 3;
    %delay 1, 0;
    %pushi/vec4 1, 0, 1;
    %store/vec4 v0000027e0ffef640_0, 0, 1;
    %delay 1, 0;
    %pushi/vec4 0, 0, 1;
    %store/vec4 v0000027e0ffef640_0, 0, 1;
    ; show_stmt_assign_vector: Get l-value for compressed += operand
    %load/vec4 v0000027e0ff844b0_0;
    %pushi/vec4 1, 0, 32;
    %add;
    %store/vec4 v0000027e0ff844b0_0, 0, 32;
    %jmp T_4.6;
T_4.7 ;
    %end;
    .scope S_0000027e0ff3b5d0;
t_8 %join;
    %end;
    .thread T_4;
# The file index is used to find the file name in the following table.
:file_names 5;
    "N/A";
    "<interactive>";
    "-";
    "stack_behaviour_tb.sv";
    "./stack_behaviour.sv";
